$ -> -1
let -> -1
id -> 1
: -> -1
; -> -1
input -> -1
( -> -1
id -> 1
) -> -1
; -> -1
let -> -1
id -> 2
: -> -1
int -> -1
; -> -1
input -> -1
( -> -1
id -> 2
) -> -1
; -> -1
let -> -1
id -> 3
: -> -1
int -> -1
; -> -1
input -> -1
( -> -1
id -> 3
) -> -1
; -> -1
let -> -1
id -> 4
= -> -1
id -> 1
; -> -1
check -> -1
( -> -1
id -> 2
id -> 1
) -> -1
{ -> -1
id -> 4
= -> -1
id -> 2
; -> -1
} -> -1
check -> -1
( -> -1
id -> 3
> -> -1
id -> 4
) -> -1
{ -> -1
id -> 4
= -> -1
id -> 3
; -> -1
} -> -1
output -> -1
( -> -1
id -> 4
) -> -1
; -> -1
$ -> -1

